[debug] [2026-01-14T06:21:08.288Z] ----------------------------------------------------------------------
[debug] [2026-01-14T06:21:08.290Z] Command:       C:\Program Files\nodejs\node.exe C:\Users\HP5CD\AppData\Roaming\npm\node_modules\firebase-tools\lib\bin\firebase.js init
[debug] [2026-01-14T06:21:08.291Z] CLI Version:   15.2.1
[debug] [2026-01-14T06:21:08.291Z] Platform:      win32
[debug] [2026-01-14T06:21:08.291Z] Node Version:  v22.13.1
[debug] [2026-01-14T06:21:08.291Z] Time:          Wed Jan 14 2026 11:51:08 GMT+0530 (India Standard Time)
[debug] [2026-01-14T06:21:08.291Z] ----------------------------------------------------------------------
[debug] 
[info] 
     ######## #### ########  ######## ########     ###     ######  ########
     ##        ##  ##     ## ##       ##     ##  ##   ##  ##       ##
     ######    ##  ########  ######   ########  #########  ######  ######
     ##        ##  ##    ##  ##       ##     ## ##     ##       ## ##
     ##       #### ##     ## ######## ########  ##     ##  ######  ########

You're about to initialize a Firebase project in this directory:

  C:\Users\HP5CD\OneDrive\Desktop\GlobCred\web\dream-stack

[info] 
=== Project Setup
[info] 
[info] First, let's associate this project directory with a Firebase project.
[info] You can create multiple project aliases by running firebase use --add, 
[info] 
[debug] [2026-01-14T06:21:31.126Z] > command requires scopes: ["email","openid","https://www.googleapis.com/auth/cloudplatformprojects.readonly","https://www.googleapis.com/auth/firebase","https://www.googleapis.com/auth/cloud-platform"]
[debug] [2026-01-14T06:21:31.127Z] > authorizing via signed-in user (kanishk@globcred.org)
[debug] [2026-01-14T06:21:31.131Z] Checked if tokens are valid: true, expires at: 1768374038206
[debug] [2026-01-14T06:21:31.131Z] Checked if tokens are valid: true, expires at: 1768374038206
[debug] [2026-01-14T06:21:31.134Z] >>> [apiv2][query] GET https://firebase.googleapis.com/v1beta1/projects/aveka-web [none]
[debug] [2026-01-14T06:21:31.851Z] <<< [apiv2][status] GET https://firebase.googleapis.com/v1beta1/projects/aveka-web 200
[debug] [2026-01-14T06:21:31.852Z] <<< [apiv2][body] GET https://firebase.googleapis.com/v1beta1/projects/aveka-web {"projectId":"aveka-web","projectNumber":"703737283798","displayName":"Aveka-web","name":"projects/aveka-web","resources":{"hostingSite":"aveka-web"},"state":"ACTIVE","etag":"1_85d3d37e-4256-4ab5-925b-02196fd7334f"}
[info] i  Using project aveka-web (Aveka-web) . 
[info] 
=== Hosting Setup
[debug] [2026-01-14T06:21:31.860Z] Checked if tokens are valid: true, expires at: 1768374038206
[debug] [2026-01-14T06:21:31.860Z] Checked if tokens are valid: true, expires at: 1768374038206
[debug] [2026-01-14T06:21:31.860Z] >>> [apiv2][query] GET https://firebase.googleapis.com/v1beta1/projects/aveka-web [none]
[debug] [2026-01-14T06:21:32.224Z] <<< [apiv2][status] GET https://firebase.googleapis.com/v1beta1/projects/aveka-web 200
[debug] [2026-01-14T06:21:32.224Z] <<< [apiv2][body] GET https://firebase.googleapis.com/v1beta1/projects/aveka-web {"projectId":"aveka-web","projectNumber":"703737283798","displayName":"Aveka-web","name":"projects/aveka-web","resources":{"hostingSite":"aveka-web"},"state":"ACTIVE","etag":"1_85d3d37e-4256-4ab5-925b-02196fd7334f"}
[info] 
[info] Your public directory is the folder (relative to your project directory) that
[info] will contain Hosting assets to be uploaded with firebase deploy. If you
[info] have a build process for your assets, use your build's output directory.
[info] 
